<?xml version="1.0" encoding="UTF-8"?>
<testng-results ignored="0" total="1" passed="1" failed="0" skipped="0">
  <reporter-output>
  </reporter-output>
  <suite started-at="2024-06-12T18:26:46 IST" name="Default suite" finished-at="2024-06-12T18:27:32 IST" duration-ms="45847">
    <groups>
    </groups>
    <test started-at="2024-06-12T18:26:46 IST" name="Default test" finished-at="2024-06-12T18:27:32 IST" duration-ms="45847">
      <class name="MobileAppAutomation.POM.eCommerce_TC2">
        <test-method is-config="true" signature="config()[pri:0, instance:MobileAppAutomation.POM.eCommerce_TC2@71ba6d4e]" started-at="2024-06-12T18:26:46 IST" name="config" finished-at="2024-06-12T18:26:56 IST" duration-ms="9296" status="PASS">
          <reporter-output>
          </reporter-output>
        </test-method> <!-- config -->
        <test-method signature="AddItemToCart()[pri:0, instance:MobileAppAutomation.POM.eCommerce_TC2@71ba6d4e]" started-at="2024-06-12T18:26:56 IST" name="AddItemToCart" finished-at="2024-06-12T18:27:31 IST" duration-ms="35294" status="PASS">
          <reporter-output>
          </reporter-output>
        </test-method> <!-- AddItemToCart -->
        <test-method is-config="true" signature="tearDown()[pri:0, instance:MobileAppAutomation.POM.eCommerce_TC2@71ba6d4e]" started-at="2024-06-12T18:27:31 IST" name="tearDown" finished-at="2024-06-12T18:27:32 IST" duration-ms="1145" status="PASS">
          <reporter-output>
          </reporter-output>
        </test-method> <!-- tearDown -->
      </class> <!-- MobileAppAutomation.POM.eCommerce_TC2 -->
    </test> <!-- Default test -->
  </suite> <!-- Default suite -->
</testng-results>
